This is pdfTeX, Version 3.141592653-2.6-1.40.26 (MiKTeX 24.4) (preloaded format=pdflatex 2024.5.14)  10 JUL 2024 07:48
entering extended mode
 restricted \write18 enabled.
 %&-line parsing enabled.
**./refman.tex
(refman.tex
LaTeX2e <2023-11-01> patch level 1
L3 programming layer <2024-04-11>
(C:\Users\fouri\AppData\Local\Programs\MiKTeX\tex/generic/iftex\iftex.sty
Package: iftex 2022/02/03 v1.0f TeX engine tests
)
(C:\Users\fouri\AppData\Local\Programs\MiKTeX\tex/latex/base\book.cls
Document Class: book 2023/05/17 v1.4n Standard LaTeX document class
(C:\Users\fouri\AppData\Local\Programs\MiKTeX\tex/latex/base\bk10.clo
File: bk10.clo 2023/05/17 v1.4n Standard LaTeX file (size option)
)
\c@part=\count189
\c@chapter=\count190
\c@section=\count191
\c@subsection=\count192
\c@subsubsection=\count193
\c@paragraph=\count194
\c@subparagraph=\count195
\c@figure=\count196
\c@table=\count197
\abovecaptionskip=\skip48
\belowcaptionskip=\skip49
\bibindent=\dimen140
)
(C:\Users\fouri\AppData\Local\Programs\MiKTeX\tex/latex/base\ifthen.sty
Package: ifthen 2022/04/13 v1.1d Standard LaTeX ifthen package (DPC)
)
(C:\Users\fouri\AppData\Local\Programs\MiKTeX\tex/latex/tools\array.sty
Rollback for package 'array' requested -> date 2016-10-06.
         Best approximation is the release introduced on 2016-10-06.

(C:\Users\fouri\AppData\Local\Programs\MiKTeX\tex/latex/tools\array-2016-10-06.
sty
Package: array 2016/10/06 v2.4d Tabular extension package (FMi)
\col@sep=\dimen141
\extrarowheight=\dimen142
\NC@list=\toks17
\extratabsurround=\skip50
\backup@length=\skip51
))
(C:\Users\fouri\AppData\Local\Programs\MiKTeX\tex/generic/infwarerr\infwarerr.s
ty
package info suppressed
) (doxygen.sty
Package: doxygen 

(C:\Users\fouri\AppData\Local\Programs\MiKTeX\tex/latex/base\alltt.sty
Package: alltt 2021/01/29 v2.0g defines alltt environment
)
(C:\Users\fouri\AppData\Local\Programs\MiKTeX\tex/latex/tools\calc.sty
Package: calc 2023/07/08 v4.3 Infix arithmetic (KKT,FJ)
\calc@Acount=\count198
\calc@Bcount=\count199
\calc@Adimen=\dimen143
\calc@Bdimen=\dimen144
\calc@Askip=\skip52
\calc@Bskip=\skip53
LaTeX Info: Redefining \setlength on input line 80.
LaTeX Info: Redefining \addtolength on input line 81.
\calc@Ccount=\count266
\calc@Cskip=\skip54
)
(C:\Users\fouri\AppData\Local\Programs\MiKTeX\tex/latex/float\float.sty
Package: float 2001/11/08 v1.3d Float enhancements (AL)
\c@float@type=\count267
\float@exts=\toks18
\float@box=\box51
\@float@everytoks=\toks19
\@floatcapt=\box52
)
(C:\Users\fouri\AppData\Local\Programs\MiKTeX\tex/latex/tools\verbatim.sty
Package: verbatim 2023-11-06 v1.5v LaTeX2e package for verbatim enhancements
\every@verbatim=\toks20
\verbatim@line=\toks21
\verbatim@in@stream=\read2
)
(C:\Users\fouri\AppData\Local\Programs\MiKTeX\tex/latex/xcolor\xcolor.sty
Package: xcolor 2023/11/15 v3.01 LaTeX color extensions (UK)

(C:\Users\fouri\AppData\Local\Programs\MiKTeX\tex/latex/graphics-cfg\color.cfg
File: color.cfg 2016/01/02 v1.6 sample color configuration
)
Package xcolor Info: Driver file: pdftex.def on input line 274.

(C:\Users\fouri\AppData\Local\Programs\MiKTeX\tex/latex/graphics-def\pdftex.def
File: pdftex.def 2024/04/13 v1.2c Graphics/color driver for pdftex
)
(C:\Users\fouri\AppData\Local\Programs\MiKTeX\tex/latex/graphics\mathcolor.ltx)
Package xcolor Info: Model `cmy' substituted by `cmy0' on input line 1350.
Package xcolor Info: Model `hsb' substituted by `rgb' on input line 1354.
Package xcolor Info: Model `RGB' extended on input line 1366.
Package xcolor Info: Model `HTML' substituted by `rgb' on input line 1368.
Package xcolor Info: Model `Hsb' substituted by `hsb' on input line 1369.
Package xcolor Info: Model `tHsb' substituted by `hsb' on input line 1370.
Package xcolor Info: Model `HSB' substituted by `hsb' on input line 1371.
Package xcolor Info: Model `Gray' substituted by `gray' on input line 1372.
Package xcolor Info: Model `wave' substituted by `hsb' on input line 1373.
) (C:\Users\fouri\AppData\Local\Programs\MiKTeX\tex/latex/colortbl\colortbl.sty
Package: colortbl 2024/02/20 v1.0g Color table columns (DPC)
\everycr=\toks22
\minrowclearance=\skip55
\rownum=\count268
) (longtable_doxygen.sty
Package: longtable_doxygen 2014/10/28 v4.11 Multi-page Table package (DPC) - fr
ozen version for doxygen
\LTleft=\skip56
\LTright=\skip57
\LTpre=\skip58
\LTpost=\skip59
\LTchunksize=\count269
\LTcapwidth=\dimen145
\LT@head=\box53
\LT@firsthead=\box54
\LT@foot=\box55
\LT@lastfoot=\box56
\LT@cols=\count270
\LT@rows=\count271
\c@LT@tables=\count272
\c@LT@chunks=\count273
\LT@p@ftn=\toks23
) (tabu_doxygen.sty
Package: tabu_doxygen 2011/02/26 v2.8 - flexible LaTeX tabulars (FC), frozen ve
rsion for doxygen

(C:\Users\fouri\AppData\Local\Programs\MiKTeX\tex/latex/varwidth\varwidth.sty
Package: varwidth 2009/03/30 ver 0.92;  Variable-width minipages
\@vwid@box=\box57
\sift@deathcycles=\count274
\@vwid@loff=\dimen146
\@vwid@roff=\dimen147
)
\c@taburow=\count275
\tabu@nbcols=\count276
\tabu@cnt=\count277
\tabu@Xcol=\count278
\tabu@alloc=\count279
\tabu@nested=\count280
\tabu@target=\dimen148
\tabu@spreadtarget=\dimen149
\tabu@naturalX=\dimen150
\tabucolX=\dimen151
\tabu@Xsum=\dimen152
\extrarowdepth=\dimen153
\abovetabulinesep=\dimen154
\belowtabulinesep=\dimen155
\tabustrutrule=\dimen156
\tabu@thebody=\toks24
\tabu@footnotes=\toks25
\tabu@box=\box58
\tabu@arstrutbox=\box59
\tabu@hleads=\box60
\tabu@vleads=\box61
\tabu@cellskip=\skip60
) (C:\Users\fouri\AppData\Local\Programs\MiKTeX\tex/latex/fancyvrb\fancyvrb.sty
Package: fancyvrb 2024/01/20 4.5c verbatim text (tvz,hv)

(C:\Users\fouri\AppData\Local\Programs\MiKTeX\tex/latex/graphics\keyval.sty
Package: keyval 2022/05/29 v1.15 key=value parser (DPC)
\KV@toks@=\toks26
)
\FV@CodeLineNo=\count281
\FV@InFile=\read3
\FV@TabBox=\box62
\c@FancyVerbLine=\count282
\FV@StepNumber=\count283
\FV@OutFile=\write3
)
(C:\Users\fouri\AppData\Local\Programs\MiKTeX\tex/latex/tools\tabularx.sty
Package: tabularx 2023/07/08 v2.11c `tabularx' package (DPC)
\TX@col@width=\dimen157
\TX@old@table=\dimen158
\TX@old@col=\dimen159
\TX@target=\dimen160
\TX@delta=\dimen161
\TX@cols=\count284
\TX@ftn=\toks27
)
(C:\Users\fouri\AppData\Local\Programs\MiKTeX\tex/latex/tools\multicol.sty
Package: multicol 2023/03/30 v1.9f multicolumn formatting (FMi)
\c@tracingmulticols=\count285
\mult@box=\box63
\multicol@leftmargin=\dimen162
\c@unbalance=\count286
\c@collectmore=\count287
\doublecol@number=\count288
\multicoltolerance=\count289
\multicolpretolerance=\count290
\full@width=\dimen163
\page@free=\dimen164
\premulticols=\dimen165
\postmulticols=\dimen166
\multicolsep=\skip61
\multicolbaselineskip=\skip62
\partial@page=\box64
\last@line=\box65
\mc@boxedresult=\box66
\maxbalancingoverflow=\dimen167
\mult@rightbox=\box67
\mult@grightbox=\box68
\mult@firstbox=\box69
\mult@gfirstbox=\box70
\@tempa=\box71
\@tempa=\box72
\@tempa=\box73
\@tempa=\box74
\@tempa=\box75
\@tempa=\box76
\@tempa=\box77
\@tempa=\box78
\@tempa=\box79
\@tempa=\box80
\@tempa=\box81
\@tempa=\box82
\@tempa=\box83
\@tempa=\box84
\@tempa=\box85
\@tempa=\box86
\@tempa=\box87
\@tempa=\box88
\@tempa=\box89
\@tempa=\box90
\@tempa=\box91
\@tempa=\box92
\@tempa=\box93
\@tempa=\box94
\@tempa=\box95
\@tempa=\box96
\@tempa=\box97
\@tempa=\box98
\@tempa=\box99
\@tempa=\box100
\@tempa=\box101
\@tempa=\box102
\@tempa=\box103
\@tempa=\box104
\@tempa=\box105
\@tempa=\box106
\c@minrows=\count291
\c@columnbadness=\count292
\c@finalcolumnbadness=\count293
\last@try=\dimen168
\multicolovershoot=\dimen169
\multicolundershoot=\dimen170
\mult@nat@firstbox=\box107
\colbreak@box=\box108
\mc@col@check@num=\count294
)
(C:\Users\fouri\AppData\Local\Programs\MiKTeX\tex/latex/multirow\multirow.sty
Package: multirow 2021/03/15 v2.8 Span multiple rows of a table
\multirow@colwidth=\skip63
\multirow@cntb=\count295
\multirow@dima=\skip64
\bigstrutjot=\dimen171
)
(C:\Users\fouri\AppData\Local\Programs\MiKTeX\tex/latex/hanging\hanging.sty
Package: hanging 2009/09/02 v1.2b hanging paragraphs and punctuation
\h@ngcommawd=\skip65
\h@ngfstopwd=\skip66
\h@ngquotewd=\skip67
\h@ngdquotewd=\skip68
\h@ngquerywd=\skip69
\h@ngexclwd=\skip70
\h@ngcolonwd=\skip71
\h@ngscolonwd=\skip72
)
(C:\Users\fouri\AppData\Local\Programs\MiKTeX\tex/generic/iftex\ifpdf.sty
Package: ifpdf 2019/10/25 v3.4 ifpdf legacy package. Use iftex instead.
)
(C:\Users\fouri\AppData\Local\Programs\MiKTeX\tex/latex/adjustbox\adjustbox.sty
Package: adjustbox 2022/10/17 v1.3a Adjusting TeX boxes (trim, clip, ...)
(C:\Users\fouri\AppData\Local\Programs\MiKTeX\tex/latex/xkeyval\xkeyval.sty
Package: xkeyval 2022/06/16 v2.9 package option processing (HA)

(C:\Users\fouri\AppData\Local\Programs\MiKTeX\tex/generic/xkeyval\xkeyval.tex
(C:\Users\fouri\AppData\Local\Programs\MiKTeX\tex/generic/xkeyval\xkvutils.tex
\XKV@toks=\toks28
\XKV@tempa@toks=\toks29
)
\XKV@depth=\count296
File: xkeyval.tex 2014/12/03 v2.7a key=value parser (HA)
))
(C:\Users\fouri\AppData\Local\Programs\MiKTeX\tex/latex/adjustbox\adjcalc.sty
Package: adjcalc 2012/05/16 v1.1 Provides advanced setlength with multiple back
-ends (calc, etex, pgfmath)
)
(C:\Users\fouri\AppData\Local\Programs\MiKTeX\tex/latex/adjustbox\trimclip.sty
Package: trimclip 2020/08/19 v1.2 Trim and clip general TeX material

(C:\Users\fouri\AppData\Local\Programs\MiKTeX\tex/latex/graphics\graphicx.sty
Package: graphicx 2021/09/16 v1.2d Enhanced LaTeX Graphics (DPC,SPQR)

(C:\Users\fouri\AppData\Local\Programs\MiKTeX\tex/latex/graphics\graphics.sty
Package: graphics 2022/03/10 v1.4e Standard LaTeX Graphics (DPC,SPQR)

(C:\Users\fouri\AppData\Local\Programs\MiKTeX\tex/latex/graphics\trig.sty
Package: trig 2021/08/11 v1.11 sin cos tan (DPC)
)
(C:\Users\fouri\AppData\Local\Programs\MiKTeX\tex/latex/graphics-cfg\graphics.c
fg
File: graphics.cfg 2016/06/04 v1.11 sample graphics configuration
)
Package graphics Info: Driver file: pdftex.def on input line 107.
)
\Gin@req@height=\dimen172
\Gin@req@width=\dimen173
)
(C:\Users\fouri\AppData\Local\Programs\MiKTeX\tex/latex/collectbox\collectbox.s
ty
Package: collectbox 2022/10/17 v0.4c Collect macro arguments as boxes
\collectedbox=\box109
)
\tc@llx=\dimen174
\tc@lly=\dimen175
\tc@urx=\dimen176
\tc@ury=\dimen177
Package trimclip Info: Using driver 'tc-pdftex.def'.

(C:\Users\fouri\AppData\Local\Programs\MiKTeX\tex/latex/adjustbox\tc-pdftex.def
File: tc-pdftex.def 2019/01/04 v2.2 Clipping driver for pdftex
))
\adjbox@Width=\dimen178
\adjbox@Height=\dimen179
\adjbox@Depth=\dimen180
\adjbox@Totalheight=\dimen181
\adjbox@pwidth=\dimen182
\adjbox@pheight=\dimen183
\adjbox@pdepth=\dimen184
\adjbox@ptotalheight=\dimen185

(C:\Users\fouri\AppData\Local\Programs\MiKTeX\tex/latex/ifoddpage\ifoddpage.sty
Package: ifoddpage 2022/10/18 v1.2 Conditionals for odd/even page detection
\c@checkoddpage=\count297
)) (C:\Users\fouri\AppData\Local\Programs\MiKTeX\tex/latex/amsfonts\amssymb.sty
Package: amssymb 2013/01/14 v3.01 AMS font symbols
(C:\Users\fouri\AppData\Local\Programs\MiKTeX\tex/latex/amsfonts\amsfonts.sty
Package: amsfonts 2013/01/14 v3.01 Basic AMSFonts support
\@emptytoks=\toks30
\symAMSa=\mathgroup4
\symAMSb=\mathgroup5
LaTeX Font Info:    Redeclaring math symbol \hbar on input line 98.
LaTeX Font Info:    Overwriting math alphabet `\mathfrak' in version `bold'
(Font)                  U/euf/m/n --> U/euf/b/n on input line 106.
))
(C:\Users\fouri\AppData\Local\Programs\MiKTeX\tex/latex/stackengine\stackengine
.sty
Package: stackengine 2021/07/22 v4.11\ Stacking text and objects in convenient 
ways

(C:\Users\fouri\AppData\Local\Programs\MiKTeX\tex/latex/etoolbox\etoolbox.sty
Package: etoolbox 2020/10/05 v2.5k e-TeX tools for LaTeX (JAW)
\etb@tempcnta=\count298
)
(C:\Users\fouri\AppData\Local\Programs\MiKTeX\tex/latex/listofitems\listofitems
.sty
(C:\Users\fouri\AppData\Local\Programs\MiKTeX\tex/generic/listofitems\listofite
ms.tex
\loi_cnt_foreach_nest=\count299
\loi_nestcnt=\count300
)
Package: listofitems 2024/03/09 v1.65 Grab items in lists using user-specified 
sep char (CT)
)
\c@@stackindex=\count301
\@boxshift=\skip73
\stack@tmplength=\skip74
\temp@stkl=\skip75
\@stackedboxwidth=\skip76
\@addedbox=\box110
\@anchorbox=\box111
\@insetbox=\box112
\se@backgroundbox=\box113
\stackedbox=\box114
\@centerbox=\box115
\c@ROWcellindex@=\count302
)
(C:\Users\fouri\AppData\Local\Programs\MiKTeX\tex/latex/enumitem\enumitem.sty
Package: enumitem 2019/06/20 v3.9 Customized lists
\labelindent=\skip77
\enit@outerparindent=\dimen186
\enit@toks=\toks31
\enit@inbox=\box116
\enit@count@id=\count303
\enitdp@description=\count304
)
(C:\Users\fouri\AppData\Local\Programs\MiKTeX\tex/generic/alphalph\alphalph.sty
Package: alphalph 2019/12/09 v2.6 Convert numbers to letters (HO)
(C:\Users\fouri\AppData\Local\Programs\MiKTeX\tex/generic/intcalc\intcalc.sty
Package: intcalc 2019/12/15 v1.3 Expandable calculations with integers (HO)
)) (C:\Users\fouri\AppData\Local\Programs\MiKTeX\tex/latex/ulem\ulem.sty
\UL@box=\box117
\UL@hyphenbox=\box118
\UL@skip=\skip78
\UL@hook=\toks32
\UL@height=\dimen187
\UL@pe=\count305
\UL@pixel=\dimen188
\ULC@box=\box119
Package: ulem 2019/11/18
\ULdepth=\dimen189
)
\xrefbox=\box120
\xreflength=\skip79
\CodeWidthChar=\skip80
\CodeHeightChar=\skip81
\DoxyCodeWidth=\skip82
\c@DoxyEnumeratei=\count306
\c@DoxyEnumerateii=\count307
\c@DoxyEnumerateiii=\count308
\c@DoxyEnumerateiv=\count309
\c@DoxyEnumeratev=\count310
\c@DoxyEnumeratevi=\count311
\c@DoxyEnumeratevii=\count312
\c@DoxyEnumerateviii=\count313
\c@DoxyEnumerateix=\count314
\c@DoxyEnumeratex=\count315
\c@DoxyEnumeratexi=\count316
\c@DoxyEnumeratexii=\count317
\enitdp@DoxyEnumerate=\count318
\enitdp@DoxyItemize=\count319
\c@subsubsubsection=\count320
\c@subsubsubsubsection=\count321
\c@subsubsubsubsubsection=\count322
\c@subsubsubsubsubsubsection=\count323
)
(C:\Users\fouri\AppData\Local\Programs\MiKTeX\tex/latex/base\inputenc.sty
Package: inputenc 2021/02/14 v1.3d Input encoding file
\inpenc@prehook=\toks33
\inpenc@posthook=\toks34
)
(C:\Users\fouri\AppData\Local\Programs\MiKTeX\tex/latex/base\makeidx.sty
Package: makeidx 2021/10/04 v1.0m Standard LaTeX package
)
(C:\Users\fouri\AppData\Local\Programs\MiKTeX\tex/latex/base\textcomp.sty
Package: textcomp 2020/02/02 v2.0n Standard LaTeX package
)
(C:\Users\fouri\AppData\Local\Programs\MiKTeX\tex/latex/wasysym\wasysym.sty
Package: wasysym 2020/01/19 v2.4 Wasy-2 symbol support package
\symwasy=\mathgroup6
LaTeX Font Info:    Overwriting symbol font `wasy' in version `bold'
(Font)                  U/wasy/m/n --> U/wasy/b/n on input line 93.
)
(C:\Users\fouri\AppData\Local\Programs\MiKTeX\tex/generic/iftex\ifxetex.sty
Package: ifxetex 2019/10/25 v0.7 ifxetex legacy package. Use iftex instead.
)
(C:\Users\fouri\AppData\Local\Programs\MiKTeX\tex/latex/base\fontenc.sty
Package: fontenc 2021/04/29 v2.0v Standard LaTeX package
)
(C:\Users\fouri\AppData\Local\Programs\MiKTeX\tex/latex/psnfss\helvet.sty
Package: helvet 2020/03/25 PSNFSS-v9.3 (WaS) 
)
(C:\Users\fouri\AppData\Local\Programs\MiKTeX\tex/latex/psnfss\courier.sty
Package: courier 2020/03/25 PSNFSS-v9.3 (WaS) 
)
(C:\Users\fouri\AppData\Local\Programs\MiKTeX\tex/latex/geometry\geometry.sty
Package: geometry 2020/01/02 v5.9 Page Geometry

(C:\Users\fouri\AppData\Local\Programs\MiKTeX\tex/generic/iftex\ifvtex.sty
Package: ifvtex 2019/10/25 v1.7 ifvtex legacy package. Use iftex instead.
)
\Gm@cnth=\count324
\Gm@cntv=\count325
\c@Gm@tempcnt=\count326
\Gm@bindingoffset=\dimen190
\Gm@wd@mp=\dimen191
\Gm@odd@mp=\dimen192
\Gm@even@mp=\dimen193
\Gm@layoutwidth=\dimen194
\Gm@layoutheight=\dimen195
\Gm@layouthoffset=\dimen196
\Gm@layoutvoffset=\dimen197
\Gm@dimlist=\toks35

(C:\Users\fouri\AppData\Local\Programs\MiKTeX\tex/latex/geometry\geometry.cfg))

(C:\Users\fouri\AppData\Local\Programs\MiKTeX\tex/latex/changepage\changepage.s
ty
Package: changepage 2009/10/20 v1.0c check page and change page layout
\c@cp@cntr=\count327
\cp@tempcnt=\count328
LaTeX Info: Redefining \checkoddpage on input line 59.
)
(C:\Users\fouri\AppData\Local\Programs\MiKTeX\tex/latex/fancyhdr\fancyhdr.sty
Package: fancyhdr 2024/04/23 v4.2 Extensive control of page headers and footers

\f@nch@headwidth=\skip83
\f@nch@O@elh=\skip84
\f@nch@O@erh=\skip85
\f@nch@O@olh=\skip86
\f@nch@O@orh=\skip87
\f@nch@O@elf=\skip88
\f@nch@O@erf=\skip89
\f@nch@O@olf=\skip90
\f@nch@O@orf=\skip91
)
(C:\Users\fouri\AppData\Local\Programs\MiKTeX\tex/latex/natbib\natbib.sty
Package: natbib 2010/09/13 8.31b (PWD, AO)
\bibhang=\skip92
\bibsep=\skip93
LaTeX Info: Redefining \cite on input line 694.
\c@NAT@ctr=\count329
)
(C:\Users\fouri\AppData\Local\Programs\MiKTeX\tex/latex/tocloft\tocloft.sty
Package: tocloft 2017/08/31 v2.3i parameterised ToC, etc., typesetting
Package tocloft Info: The document has chapter divisions on input line 51.
\cftparskip=\skip94
\cftbeforetoctitleskip=\skip95
\cftaftertoctitleskip=\skip96
\cftbeforepartskip=\skip97
\cftpartnumwidth=\skip98
\cftpartindent=\skip99
\cftbeforechapskip=\skip100
\cftchapindent=\skip101
\cftchapnumwidth=\skip102
\cftbeforesecskip=\skip103
\cftsecindent=\skip104
\cftsecnumwidth=\skip105
\cftbeforesubsecskip=\skip106
\cftsubsecindent=\skip107
\cftsubsecnumwidth=\skip108
\cftbeforesubsubsecskip=\skip109
\cftsubsubsecindent=\skip110
\cftsubsubsecnumwidth=\skip111
\cftbeforeparaskip=\skip112
\cftparaindent=\skip113
\cftparanumwidth=\skip114
\cftbeforesubparaskip=\skip115
\cftsubparaindent=\skip116
\cftsubparanumwidth=\skip117
\cftbeforeloftitleskip=\skip118
\cftafterloftitleskip=\skip119
\cftbeforefigskip=\skip120
\cftfigindent=\skip121
\cftfignumwidth=\skip122
\c@lofdepth=\count330
\c@lotdepth=\count331
\cftbeforelottitleskip=\skip123
\cftafterlottitleskip=\skip124
\cftbeforetabskip=\skip125
\cfttabindent=\skip126
\cfttabnumwidth=\skip127
)
\@indexfile=\write4
\openout4 = `refman.idx'.


Writing index file refman.idx

(C:\Users\fouri\AppData\Local\Programs\MiKTeX\tex/latex/newunicodechar\newunico
dechar.sty
Package: newunicodechar 2018/04/08 v1.2 Defining Unicode characters
)
(C:\Users\fouri\AppData\Local\Programs\MiKTeX\tex/latex/hyperref\hyperref.sty
Package: hyperref 2024-01-20 v7.01h Hypertext links for LaTeX

(C:\Users\fouri\AppData\Local\Programs\MiKTeX\tex/latex/kvsetkeys\kvsetkeys.sty
Package: kvsetkeys 2022-10-05 v1.19 Key value parser (HO)
)
(C:\Users\fouri\AppData\Local\Programs\MiKTeX\tex/generic/kvdefinekeys\kvdefine
keys.sty
Package: kvdefinekeys 2019-12-19 v1.6 Define keys (HO)
)
(C:\Users\fouri\AppData\Local\Programs\MiKTeX\tex/generic/pdfescape\pdfescape.s
ty
Package: pdfescape 2019/12/09 v1.15 Implements pdfTeX's escape features (HO)

(C:\Users\fouri\AppData\Local\Programs\MiKTeX\tex/generic/ltxcmds\ltxcmds.sty
Package: ltxcmds 2023-12-04 v1.26 LaTeX kernel commands for general use (HO)
)
(C:\Users\fouri\AppData\Local\Programs\MiKTeX\tex/generic/pdftexcmds\pdftexcmds
.sty
Package: pdftexcmds 2020-06-27 v0.33 Utility functions of pdfTeX for LuaTeX (HO
)
Package pdftexcmds Info: \pdf@primitive is available.
Package pdftexcmds Info: \pdf@ifprimitive is available.
Package pdftexcmds Info: \pdfdraftmode found.
))
(C:\Users\fouri\AppData\Local\Programs\MiKTeX\tex/latex/hycolor\hycolor.sty
Package: hycolor 2020-01-27 v1.10 Color options for hyperref/bookmark (HO)
)
(C:\Users\fouri\AppData\Local\Programs\MiKTeX\tex/latex/auxhook\auxhook.sty
Package: auxhook 2019-12-17 v1.6 Hooks for auxiliary files (HO)
)
(C:\Users\fouri\AppData\Local\Programs\MiKTeX\tex/latex/hyperref\nameref.sty
Package: nameref 2023-11-26 v2.56 Cross-referencing by name of section

(C:\Users\fouri\AppData\Local\Programs\MiKTeX\tex/latex/refcount\refcount.sty
Package: refcount 2019/12/15 v3.6 Data extraction from label references (HO)
)
(C:\Users\fouri\AppData\Local\Programs\MiKTeX\tex/generic/gettitlestring\gettit
lestring.sty
Package: gettitlestring 2019/12/15 v1.6 Cleanup title references (HO)

(C:\Users\fouri\AppData\Local\Programs\MiKTeX\tex/latex/kvoptions\kvoptions.sty
Package: kvoptions 2022-06-15 v3.15 Key value format for package options (HO)
))
\c@section@level=\count332
)
\@linkdim=\dimen198
\Hy@linkcounter=\count333
\Hy@pagecounter=\count334
 (C:\Users\fouri\AppData\Local\Programs\MiKTeX\tex/latex/hyperref\pd1enc.def
File: pd1enc.def 2024-01-20 v7.01h Hyperref: PDFDocEncoding definition (HO)
Now handling font encoding PD1 ...
... no UTF-8 mapping file for font encoding PD1
)
\Hy@SavedSpaceFactor=\count335
 (C:\Users\fouri\AppData\Local\Programs\MiKTeX\tex/latex/hyperref\puenc.def
File: puenc.def 2024-01-20 v7.01h Hyperref: PDF Unicode definition (HO)
Now handling font encoding PU ...
... no UTF-8 mapping file for font encoding PU
)
Package hyperref Info: Hyper figures OFF on input line 4179.
Package hyperref Info: Link nesting OFF on input line 4184.
Package hyperref Info: Hyper index ON on input line 4187.
Package hyperref Info: Plain pages OFF on input line 4194.
Package hyperref Info: Backreferencing ON on input line 4197.
Package hyperref Info: Implicit mode ON; LaTeX internals redefined.
Package hyperref Info: Bookmarks ON on input line 4446.

(C:\Users\fouri\AppData\Local\Programs\MiKTeX\tex/latex/hyperref\backref.sty
Package: backref 2023-11-26 v1.44 Bibliographical back referencing

(C:\Users\fouri\AppData\Local\Programs\MiKTeX\tex/latex/rerunfilecheck\rerunfil
echeck.sty
Package: rerunfilecheck 2022-07-10 v1.10 Rerun checks for auxiliary files (HO)

(C:\Users\fouri\AppData\Local\Programs\MiKTeX\tex/latex/base\atveryend-ltx.sty
Package: atveryend-ltx 2020/08/19 v1.0a Emulation of the original atveryend pac
kage
with kernel methods
)
(C:\Users\fouri\AppData\Local\Programs\MiKTeX\tex/generic/uniquecounter\uniquec
ounter.sty
Package: uniquecounter 2019/12/15 v1.4 Provide unlimited unique counter (HO)

(C:\Users\fouri\AppData\Local\Programs\MiKTeX\tex/generic/bigintcalc\bigintcalc
.sty
Package: bigintcalc 2019/12/15 v1.5 Expandable calculations on big integers (HO
)
))
Package uniquecounter Info: New unique counter `rerunfilecheck' on input line 2
85.
))
\c@Hy@tempcnt=\count336
 (C:\Users\fouri\AppData\Local\Programs\MiKTeX\tex/latex/url\url.sty
\Urlmuskip=\muskip16
Package: url 2013/09/16  ver 3.4  Verb mode for urls, etc.
)
LaTeX Info: Redefining \url on input line 4784.
\XeTeXLinkMargin=\dimen199

(C:\Users\fouri\AppData\Local\Programs\MiKTeX\tex/generic/bitset\bitset.sty
Package: bitset 2019/12/09 v1.3 Handle bit-vector datatype (HO)
)
\Fld@menulength=\count337
\Field@Width=\dimen256
\Fld@charsize=\dimen257
Package hyperref Info: Hyper figures OFF on input line 6063.
Package hyperref Info: Link nesting OFF on input line 6068.
Package hyperref Info: Hyper index ON on input line 6071.
Package hyperref Info: backreferencing ON on input line 6076.
Package hyperref Info: Link coloring OFF on input line 6083.
Package hyperref Info: Link coloring with OCG OFF on input line 6088.
Package hyperref Info: PDF/A mode OFF on input line 6093.

(C:\Users\fouri\AppData\Local\Programs\MiKTeX\tex/latex/base\atbegshi-ltx.sty
Package: atbegshi-ltx 2021/01/10 v1.0c Emulation of the original atbegshi
package with kernel methods
)
\Hy@abspage=\count338
\c@Item=\count339
\c@Hfootnote=\count340
)
Package hyperref Info: Driver: hpdftex.
(C:\Users\fouri\AppData\Local\Programs\MiKTeX\tex/latex/hyperref\hpdftex.def
File: hpdftex.def 2024-01-20 v7.01h Hyperref driver for pdfTeX
\Fld@listcount=\count341
\c@bookmark@seq@number=\count342
\Hy@SectionHShift=\skip128
)
Package hyperref Info: Option `colorlinks' set `true' on input line 187.
Package hyperref Info: Option `unicode' set `true' on input line 187.

(C:\Users\fouri\AppData\Local\Programs\MiKTeX\tex/latex/caption\caption.sty
Package: caption 2023/08/05 v3.6o Customizing captions (AR)

(C:\Users\fouri\AppData\Local\Programs\MiKTeX\tex/latex/caption\caption3.sty
Package: caption3 2023/07/31 v2.4d caption3 kernel (AR)
\caption@tempdima=\dimen258
\captionmargin=\dimen259
\caption@leftmargin=\dimen260
\caption@rightmargin=\dimen261
\caption@width=\dimen262
\caption@indent=\dimen263
\caption@parindent=\dimen264
\caption@hangindent=\dimen265
Package caption Info: Standard document class detected.
)
\c@caption@flags=\count343
\c@continuedfloat=\count344
Package caption Info: changepage package is loaded.
\caption@adjustwidth@hsize=\dimen266
\caption@adjustwidth@linewidth=\dimen267
Package caption Info: float package is loaded.
Package caption Info: hyperref package is loaded.
Package caption Info: longtable package is loaded.

(C:\Users\fouri\AppData\Local\Programs\MiKTeX\tex/latex/caption\ltcaption.sty
Package: ltcaption 2021/01/08 v1.4c longtable captions (AR)
)) (C:\Users\fouri\AppData\Local\Programs\MiKTeX\tex/latex/etoc\etoc.sty
Package: etoc 2023/10/29 v1.2d Completely customisable TOCs (JFB)
\Etoc@toctoks=\toks36
\c@etoc@tocid=\count345
\etoc@framed@titlebox=\box121
\etoc@framed@contentsbox=\box122
)
LaTeX Font Info:    Trying to load font information for T1+phv on input line 20
9.

(C:\Users\fouri\AppData\Local\Programs\MiKTeX\tex/latex/psnfss\t1phv.fd
File: t1phv.fd 2020/03/25 scalable font definitions for T1/phv.
)
LaTeX Font Info:    Font shape `T1/phv/m/n' will be
(Font)              scaled to size 8.99994pt on input line 209.

(C:\Users\fouri\AppData\Local\Programs\MiKTeX\tex/latex/l3backend\l3backend-pdf
tex.def
File: l3backend-pdftex.def 2024-04-11 L3 backend support: PDF output (pdfTeX)
\l__color_backend_stack_int=\count346
\l__pdf_internal_box=\box123
) (refman.aux

LaTeX Warning: Label `hw__aht10__func_8h_a8b28d3dc9e2ffd1466790ec8b8b7527a' mul
tiply defined.


LaTeX Warning: Label `hw__aht10__func_8h_a8b28d3dc9e2ffd1466790ec8b8b7527a' mul
tiply defined.


LaTeX Warning: Label `hw__aht10__func_8h_a8b28d3dc9e2ffd1466790ec8b8b7527a' mul
tiply defined.

)
\openout1 = `refman.aux'.

LaTeX Font Info:    Checking defaults for OML/cmm/m/it on input line 209.
LaTeX Font Info:    ... okay on input line 209.
LaTeX Font Info:    Checking defaults for OMS/cmsy/m/n on input line 209.
LaTeX Font Info:    ... okay on input line 209.
LaTeX Font Info:    Checking defaults for OT1/cmr/m/n on input line 209.
LaTeX Font Info:    ... okay on input line 209.
LaTeX Font Info:    Checking defaults for T1/cmr/m/n on input line 209.
LaTeX Font Info:    ... okay on input line 209.
LaTeX Font Info:    Checking defaults for TS1/cmr/m/n on input line 209.
LaTeX Font Info:    ... okay on input line 209.
LaTeX Font Info:    Checking defaults for OMX/cmex/m/n on input line 209.
LaTeX Font Info:    ... okay on input line 209.
LaTeX Font Info:    Checking defaults for U/cmr/m/n on input line 209.
LaTeX Font Info:    ... okay on input line 209.
LaTeX Font Info:    Checking defaults for PD1/pdf/m/n on input line 209.
LaTeX Font Info:    ... okay on input line 209.
LaTeX Font Info:    Checking defaults for PU/pdf/m/n on input line 209.
LaTeX Font Info:    ... okay on input line 209.

(C:\Users\fouri\AppData\Local\Programs\MiKTeX\tex/context/base/mkii\supp-pdf.mk
ii
[Loading MPS to PDF converter (version 2006.09.02).]
\scratchcounter=\count347
\scratchdimen=\dimen268
\scratchbox=\box124
\nofMPsegments=\count348
\nofMParguments=\count349
\everyMPshowfont=\toks37
\MPscratchCnt=\count350
\MPscratchDim=\dimen269
\MPnumerator=\count351
\makeMPintoPDFobject=\count352
\everyMPtoPDFconversion=\toks38
)
(C:\Users\fouri\AppData\Local\Programs\MiKTeX\tex/latex/epstopdf-pkg\epstopdf-b
ase.sty
Package: epstopdf-base 2020-01-24 v2.11 Base part for package epstopdf
Package epstopdf-base Info: Redefining graphics rule for `.eps' on input line 4
85.

(C:\Users\fouri\AppData\Local\Programs\MiKTeX\tex/latex/00miktex\epstopdf-sys.c
fg
File: epstopdf-sys.cfg 2021/03/18 v2.0 Configuration of epstopdf for MiKTeX
))
*geometry* driver: auto-detecting
*geometry* detected driver: pdftex
*geometry* verbose mode - [ preamble ] result:
* driver: pdftex
* paper: a4paper
* layout: <same size as paper>
* layoutoffset:(h,v)=(0.0pt,0.0pt)
* modes: twoside 
* h-part:(L,W,R)=(71.13188pt, 455.24411pt, 71.13188pt)
* v-part:(T,H,B)=(71.13188pt, 702.78308pt, 71.13188pt)
* \paperwidth=597.50787pt
* \paperheight=845.04684pt
* \textwidth=455.24411pt
* \textheight=702.78308pt
* \oddsidemargin=-1.1381pt
* \evensidemargin=-1.1381pt
* \topmargin=-31.2056pt
* \headheight=12.0pt
* \headsep=18.06749pt
* \topskip=10.0pt
* \footskip=25.29494pt
* \marginparwidth=125.0pt
* \marginparsep=7.0pt
* \columnsep=10.0pt
* \skip\footins=9.0pt plus 4.0pt minus 2.0pt
* \hoffset=0.0pt
* \voffset=0.0pt
* \mag=1000
* \@twocolumnfalse
* \@twosidetrue
* \@mparswitchtrue
* \@reversemarginfalse
* (1in=72.27pt=25.4mm, 1cm=28.453pt)

Package backref Info: ** backref set up for natbib ** on input line 209.
Package hyperref Info: Link coloring ON on input line 209.
(refman.out) (refman.out
! I can't write on file `refman.pdf'.
(Press Enter to retry, or Control-C to exit; default file extension is `.pdf')
Please type another file name for output: honeywell_linux_assessment_documentat
ion
)
\@outlinefile=\write5
\openout5 = `refman.out'.

Package caption Info: Begin \AtBeginDocument code.
Package caption Info: End \AtBeginDocument code.
\Etoc@tf=\read4
Package hyperref Info: Option `pageanchor' set `false' on input line 217.
Package hyperref Info: Option `bookmarksnumbered' set `true' on input line 217.

Package hyperref Info: Option `unicode' set `true' on input line 217.
LaTeX Font Info:    Font shape `T1/phv/m/n' will be
(Font)              scaled to size 12.9599pt on input line 222.
LaTeX Font Info:    Font shape `T1/phv/m/n' will be
(Font)              scaled to size 10.79993pt on input line 223.
 [1


{C:/Users/fouri/AppData/Local/MiKTeX/fonts/map/pdftex/pdftex.map}{C:/Users/four
i/AppData/Local/Programs/MiKTeX/fonts/enc/dvips/base/8r.enc}] [2

]
\tf@toc=\write6
\openout6 = `refman.toc'.

LaTeX Font Info:    Font shape `T1/phv/b/n' will be
(Font)              scaled to size 8.99994pt on input line 231.
LaTeX Font Info:    Trying to load font information for U+msa on input line 231
.

(C:\Users\fouri\AppData\Local\Programs\MiKTeX\tex/latex/amsfonts\umsa.fd
File: umsa.fd 2013/01/14 v3.01 AMS symbols A
)
LaTeX Font Info:    Trying to load font information for U+msb on input line 231
.

(C:\Users\fouri\AppData\Local\Programs\MiKTeX\tex/latex/amsfonts\umsb.fd
File: umsb.fd 2013/01/14 v3.01 AMS symbols B
)
LaTeX Font Info:    Trying to load font information for U+wasy on input line 23
1.

(C:\Users\fouri\AppData\Local\Programs\MiKTeX\tex/latex/wasysym\uwasy.fd
File: uwasy.fd 2020/01/19 v2.4 Wasy-2 symbol font definitions
)
LaTeX Font Info:    Font shape `T1/phv/m/n' will be
(Font)              scaled to size 6.29996pt on input line 231.
LaTeX Font Info:    Font shape `T1/phv/b/n' will be
(Font)              scaled to size 6.29996pt on input line 231.

[1] [2]
Package hyperref Info: Option `pageanchor' set `true' on input line 234.
 (index.tex
Chapter 1.
LaTeX Font Info:    Font shape `T1/phv/m/n' will be
(Font)              scaled to size 18.66588pt on input line 1.
LaTeX Font Info:    Font shape `T1/phv/b/n' will be
(Font)              scaled to size 18.66588pt on input line 1.
LaTeX Font Info:    Font shape `T1/phv/b/n' will be
(Font)              scaled to size 22.39185pt on input line 1.
LaTeX Font Info:    Font shape `T1/phv/b/n' will be
(Font)              scaled to size 12.9599pt on input line 3.
LaTeX Font Info:    Font shape `T1/phv/b/n' will be
(Font)              scaled to size 10.79993pt on input line 9.
 <./hw_setup.jpg>
<hw_setup.jpg, id=384, 2004.73969pt x 938.00438pt>
File: hw_setup.jpg Graphic file (type jpg)
<use hw_setup.jpg>
Package pdftex.def Info: hw_setup.jpg  used on input line 19.
(pdftex.def)             Requested size: 227.62206pt x 106.50136pt.
 [1


]
LaTeX Font Info:    Trying to load font information for TS1+phv on input line 2
3.

(C:\Users\fouri\AppData\Local\Programs\MiKTeX\tex/latex/psnfss\ts1phv.fd
File: ts1phv.fd 2020/03/25 scalable font definitions for TS1/phv.
)
LaTeX Font Info:    Font shape `TS1/phv/m/n' will be
(Font)              scaled to size 8.99994pt on input line 23.
 <./rp3b_pinout.png>
<rp3b_pinout.png, id=395, 370.38374pt x 133.24782pt>
File: rp3b_pinout.png Graphic file (type png)
<use rp3b_pinout.png>
Package pdftex.def Info: rp3b_pinout.png  used on input line 31.
(pdftex.def)             Requested size: 227.62206pt x 81.88896pt.
LaTeX Font Info:    Font shape `T1/phv/m/it' in size <10> not available
(Font)              Font shape `T1/phv/m/sl' tried instead on input line 37.
LaTeX Font Info:    Font shape `T1/phv/m/sl' will be
(Font)              scaled to size 8.99994pt on input line 37.
 <./bitbake_building.png>
<bitbake_building.png, id=398, 1134.03674pt x 349.90726pt>
File: bitbake_building.png Graphic file (type png)
<use bitbake_building.png>
Package pdftex.def Info: bitbake_building.png  used on input line 41.
(pdftex.def)             Requested size: 341.43307pt x 105.34671pt.
 <./adding_i2c_module.png>
<adding_i2c_module.png, id=399, 550.4565pt x 45.771pt>
File: adding_i2c_module.png Graphic file (type png)
<use adding_i2c_module.png>
Package pdftex.def Info: adding_i2c_module.png  used on input line 52.
(pdftex.def)             Requested size: 341.43307pt x 28.39098pt.
 <./rebuilding_image_1.png>
<rebuilding_image_1.png, id=400, 1140.6615pt x 349.90726pt>
File: rebuilding_image_1.png Graphic file (type png)
<use rebuilding_image_1.png>
Package pdftex.def Info: rebuilding_image_1.png  used on input line 60.
(pdftex.def)             Requested size: 341.43307pt x 104.73271pt.
 [2] <./boot_config_txt.png>
<boot_config_txt.png, id=408, 368.577pt x 41.55525pt>
File: boot_config_txt.png Graphic file (type png)
<use boot_config_txt.png>
Package pdftex.def Info: boot_config_txt.png  used on input line 69.
(pdftex.def)             Requested size: 341.43307pt x 38.49568pt.
 <./add_dev_tools_build_essential.png>
<add_dev_tools_build_essential.png, id=409, 675.12225pt x 30.71475pt>
File: add_dev_tools_build_essential.png Graphic file (type png)
<use add_dev_tools_build_essential.png>
Package pdftex.def Info: add_dev_tools_build_essential.png  used on input line 
77.
(pdftex.def)             Requested size: 341.43307pt x 15.53401pt.

Underfull \hbox (badness 10000) in paragraph at lines 79--80

 []

 <./add_dev_tools_build_essential2.png>
<add_dev_tools_build_essential2.png, id=410, 384.83775pt x 40.35075pt>
File: add_dev_tools_build_essential2.png Graphic file (type png)
<use add_dev_tools_build_essential2.png>
Package pdftex.def Info: add_dev_tools_build_essential2.png  used on input line
 82.
(pdftex.def)             Requested size: 341.43307pt x 35.80183pt.
 <./hal_call_i2c_kernel_module.png>
<hal_call_i2c_kernel_module.png, id=411, 336.65775pt x 20.4765pt>
File: hal_call_i2c_kernel_module.png Graphic file (type png)
<use hal_call_i2c_kernel_module.png>
Package pdftex.def Info: hal_call_i2c_kernel_module.png  used on input line 104
.
(pdftex.def)             Requested size: 341.43307pt x 20.7667pt.
 <./send_command_aht10.png>
<send_command_aht10.png, id=412, 275.22826pt x 331.2375pt>
File: send_command_aht10.png Graphic file (type png)
<use send_command_aht10.png>
Package pdftex.def Info: send_command_aht10.png  used on input line 112.
(pdftex.def)             Requested size: 341.43307pt x 410.92735pt.
 [3] <./temp_conv_aht10.png>
<temp_conv_aht10.png, id=418, 274.626pt x 134.904pt>
File: temp_conv_aht10.png Graphic file (type png)
<use temp_conv_aht10.png>
Package pdftex.def Info: temp_conv_aht10.png  used on input line 116.
(pdftex.def)             Requested size: 341.43307pt x 167.71974pt.
 <./tcp_server_working_1.png>
<tcp_server_working_1.png, id=419, 543.83176pt x 45.16875pt>
File: tcp_server_working_1.png Graphic file (type png)
<use tcp_server_working_1.png>
Package pdftex.def Info: tcp_server_working_1.png  used on input line 131.
(pdftex.def)             Requested size: 341.43307pt x 28.35858pt.
[4] <./tcp_server_working_2.png>
<tcp_server_working_2.png, id=424, 370.986pt x 93.34875pt>
File: tcp_server_working_2.png Graphic file (type png)
<use tcp_server_working_2.png>
Package pdftex.def Info: tcp_server_working_2.png  used on input line 139.
(pdftex.def)             Requested size: 341.43307pt x 85.91606pt.
 <./systemd_service_setup_autostart.png>
<systemd_service_setup_autostart.png, id=425, 377.0085pt x 121.6545pt>
File: systemd_service_setup_autostart.png Graphic file (type png)
<use systemd_service_setup_autostart.png>
Package pdftex.def Info: systemd_service_setup_autostart.png  used on input lin
e 158.
(pdftex.def)             Requested size: 341.43307pt x 110.17671pt.
 <./systemd_service_conf.png>
<systemd_service_conf.png, id=426, 515.526pt x 62.03175pt>
File: systemd_service_conf.png Graphic file (type png)
<use systemd_service_conf.png>
Package pdftex.def Info: systemd_service_conf.png  used on input line 162.
(pdftex.def)             Requested size: 341.43307pt x 41.08495pt.
 <./systemd_service_status_running.png>
<systemd_service_status_running.png, id=427, 520.344pt x 120.45pt>
File: systemd_service_status_running.png Graphic file (type png)
<use systemd_service_status_running.png>
Package pdftex.def Info: systemd_service_status_running.png  used on input line
 170.
(pdftex.def)             Requested size: 341.43307pt x 79.03958pt.
 <./check_hercules_systemd.png>
<check_hercules_systemd.png, id=428, 366.77025pt x 113.82526pt>
File: check_hercules_systemd.png Graphic file (type png)
<use check_hercules_systemd.png>
Package pdftex.def Info: check_hercules_systemd.png  used on input line 174.
(pdftex.def)             Requested size: 341.43307pt x 105.96753pt.
 [5] <./wd_setup.png>
<wd_setup.png, id=433, 363.759pt x 289.68225pt>
File: wd_setup.png Graphic file (type png)
<use wd_setup.png>
Package pdftex.def Info: wd_setup.png  used on input line 194.
(pdftex.def)             Requested size: 341.43307pt x 271.90794pt.
 <./wd_activation.png>
<wd_activation.png, id=434, 519.74174pt x 163.20975pt>
File: wd_activation.png Graphic file (type png)
<use wd_activation.png>
Package pdftex.def Info: wd_activation.png  used on input line 207.
(pdftex.def)             Requested size: 341.43307pt x 107.22067pt.
 <./fork_bomb.png>
<fork_bomb.png, id=435, 280.6485pt x 96.36pt>
File: fork_bomb.png Graphic file (type png)
<use fork_bomb.png>
Package pdftex.def Info: fork_bomb.png  used on input line 222.
(pdftex.def)             Requested size: 341.43307pt x 117.23846pt.

[6]
LaTeX Font Info:    Font shape `T1/phv/m/it' in size <7> not available
(Font)              Font shape `T1/phv/m/sl' tried instead on input line 246.
LaTeX Font Info:    Font shape `T1/phv/m/sl' will be
(Font)              scaled to size 6.29996pt on input line 246.
) [7] [8

]
Chapter 2.
(annotated.tex) [9] [10

]
Chapter 3.
(files.tex) [11] [12

]
Chapter 4.
(struct_sensor_info.tex
LaTeX Font Info:    Trying to load font information for T1+pcr on input line 5.


(C:\Users\fouri\AppData\Local\Programs\MiKTeX\tex/latex/psnfss\t1pcr.fd
File: t1pcr.fd 2001/06/04 font definitions for T1/pcr.
)
LaTeX Font Info:    Font shape `T1/phv/m/n' will be
(Font)              scaled to size 7.19995pt on input line 29.
)
[13] [14

]
Chapter 5.
(hw__aht10__func_8c.tex <./hw__aht10__func_8c__incl.pdf>
<hw__aht10__func_8c__incl.pdf, id=520, 914.41624pt x 156.585pt>
File: hw__aht10__func_8c__incl.pdf Graphic file (type pdf)
<use hw__aht10__func_8c__incl.pdf>
Package pdftex.def Info: hw__aht10__func_8c__incl.pdf  used on input line 18.
(pdftex.def)             Requested size: 350.0pt x 59.93298pt.
LaTeX Font Info:    Font shape `T1/pcr/m/it' in size <8> not available
(Font)              Font shape `T1/pcr/m/sl' tried instead on input line 58.
 [15] <./hw__aht10__func_8c_ac9f341db97b3e25e49a864893ba74887_cgraph.pdf>
<hw__aht10__func_8c_ac9f341db97b3e25e49a864893ba74887_cgraph.pdf, id=565, 338.2
6375pt x 112.42pt>
File: hw__aht10__func_8c_ac9f341db97b3e25e49a864893ba74887_cgraph.pdf Graphic f
ile (type pdf)
<use hw__aht10__func_8c_ac9f341db97b3e25e49a864893ba74887_cgraph.pdf>
Package pdftex.def Info: hw__aht10__func_8c_ac9f341db97b3e25e49a864893ba74887_c
graph.pdf  used on input line 68.
(pdftex.def)             Requested size: 337.0pt x 112.00288pt.
 <./hw__aht10__func_8c_ac9f341db97b3e25e49a864893ba74887_icgraph.pdf>
<hw__aht10__func_8c_ac9f341db97b3e25e49a864893ba74887_icgraph.pdf, id=573, 264.
99pt x 100.375pt>
File: hw__aht10__func_8c_ac9f341db97b3e25e49a864893ba74887_icgraph.pdf Graphic 
file (type pdf)
<use hw__aht10__func_8c_ac9f341db97b3e25e49a864893ba74887_icgraph.pdf>
Package pdftex.def Info: hw__aht10__func_8c_ac9f341db97b3e25e49a864893ba74887_i
cgraph.pdf  used on input line 75.
(pdftex.def)             Requested size: 264.0pt x 100.00716pt.
 <./hw__aht10__func_8c_ad8be852f92bde19aeb01e6aa0f05b505_icgraph.pdf>
<hw__aht10__func_8c_ad8be852f92bde19aeb01e6aa0f05b505_icgraph.pdf, id=583, 411.
5375pt x 112.42pt>
File: hw__aht10__func_8c_ad8be852f92bde19aeb01e6aa0f05b505_icgraph.pdf Graphic 
file (type pdf)
<use hw__aht10__func_8c_ad8be852f92bde19aeb01e6aa0f05b505_icgraph.pdf>
Package pdftex.def Info: hw__aht10__func_8c_ad8be852f92bde19aeb01e6aa0f05b505_i
cgraph.pdf  used on input line 92.
(pdftex.def)             Requested size: 350.0pt x 95.61063pt.
LaTeX Font Info:    Font shape `T1/pcr/m/it' in size <7> not available
(Font)              Font shape `T1/pcr/m/sl' tried instead on input line 99.
 <./hw__aht10__func_8c_a96682aabf7079f9a0c2f6379775726dd_cgraph.pdf>
<hw__aht10__func_8c_a96682aabf7079f9a0c2f6379775726dd_cgraph.pdf, id=593, 299.1
175pt x 100.375pt>
File: hw__aht10__func_8c_a96682aabf7079f9a0c2f6379775726dd_cgraph.pdf Graphic f
ile (type pdf)
<use hw__aht10__func_8c_a96682aabf7079f9a0c2f6379775726dd_cgraph.pdf>
Package pdftex.def Info: hw__aht10__func_8c_a96682aabf7079f9a0c2f6379775726dd_c
graph.pdf  used on input line 109.
(pdftex.def)             Requested size: 298.0pt x 100.00716pt.
 [16] <./hw__aht10__func_8c_a96682aabf7079f9a0c2f6379775726dd_icgraph.pdf>
<hw__aht10__func_8c_a96682aabf7079f9a0c2f6379775726dd_icgraph.pdf, id=615, 253.
94875pt x 100.375pt>
File: hw__aht10__func_8c_a96682aabf7079f9a0c2f6379775726dd_icgraph.pdf Graphic 
file (type pdf)
<use hw__aht10__func_8c_a96682aabf7079f9a0c2f6379775726dd_icgraph.pdf>
Package pdftex.def Info: hw__aht10__func_8c_a96682aabf7079f9a0c2f6379775726dd_i
cgraph.pdf  used on input line 116.
(pdftex.def)             Requested size: 253.0pt x 100.00409pt.
 <./hw__aht10__func_8c_a0524ee8ae6eb364f6eb02d07d6d941e5_icgraph.pdf>
<hw__aht10__func_8c_a0524ee8ae6eb364f6eb02d07d6d941e5_icgraph.pdf, id=625, 371.
3875pt x 100.375pt>
File: hw__aht10__func_8c_a0524ee8ae6eb364f6eb02d07d6d941e5_icgraph.pdf Graphic 
file (type pdf)
<use hw__aht10__func_8c_a0524ee8ae6eb364f6eb02d07d6d941e5_icgraph.pdf>
Package pdftex.def Info: hw__aht10__func_8c_a0524ee8ae6eb364f6eb02d07d6d941e5_i
cgraph.pdf  used on input line 133.
(pdftex.def)             Requested size: 350.0pt x 94.59602pt.
 <./hw__aht10__func_8c_a1d3c5e7b97293a261f2d5d65b0381f99_cgraph.pdf>
<hw__aht10__func_8c_a1d3c5e7b97293a261f2d5d65b0381f99_cgraph.pdf, id=635, 298.1
1375pt x 100.375pt>
File: hw__aht10__func_8c_a1d3c5e7b97293a261f2d5d65b0381f99_cgraph.pdf Graphic f
ile (type pdf)
<use hw__aht10__func_8c_a1d3c5e7b97293a261f2d5d65b0381f99_cgraph.pdf>
Package pdftex.def Info: hw__aht10__func_8c_a1d3c5e7b97293a261f2d5d65b0381f99_c
graph.pdf  used on input line 150.
(pdftex.def)             Requested size: 297.0pt x 100.00562pt.

[17] <./hw__aht10__func_8c_a1d3c5e7b97293a261f2d5d65b0381f99_icgraph.pdf>
<hw__aht10__func_8c_a1d3c5e7b97293a261f2d5d65b0381f99_icgraph.pdf, id=653, 222.
8325pt x 100.375pt>
File: hw__aht10__func_8c_a1d3c5e7b97293a261f2d5d65b0381f99_icgraph.pdf Graphic 
file (type pdf)
<use hw__aht10__func_8c_a1d3c5e7b97293a261f2d5d65b0381f99_icgraph.pdf>
Package pdftex.def Info: hw__aht10__func_8c_a1d3c5e7b97293a261f2d5d65b0381f99_i
cgraph.pdf  used on input line 157.
(pdftex.def)             Requested size: 222.0pt x 100.00102pt.
 <./hw__aht10__func_8c_aeb7334c25e39bfab2260a227e22446a6_icgraph.pdf>
<hw__aht10__func_8c_aeb7334c25e39bfab2260a227e22446a6_icgraph.pdf, id=663, 372.
39125pt x 100.375pt>
File: hw__aht10__func_8c_aeb7334c25e39bfab2260a227e22446a6_icgraph.pdf Graphic 
file (type pdf)
<use hw__aht10__func_8c_aeb7334c25e39bfab2260a227e22446a6_icgraph.pdf>
Package pdftex.def Info: hw__aht10__func_8c_aeb7334c25e39bfab2260a227e22446a6_i
cgraph.pdf  used on input line 174.
(pdftex.def)             Requested size: 350.0pt x 94.3433pt.
 <./hw__aht10__func_8c_abda8902249ce8fe3237e7afb91554418_icgraph.pdf>
<hw__aht10__func_8c_abda8902249ce8fe3237e7afb91554418_icgraph.pdf, id=673, 225.
84375pt x 100.375pt>
File: hw__aht10__func_8c_abda8902249ce8fe3237e7afb91554418_icgraph.pdf Graphic 
file (type pdf)
<use hw__aht10__func_8c_abda8902249ce8fe3237e7afb91554418_icgraph.pdf>
Package pdftex.def Info: hw__aht10__func_8c_abda8902249ce8fe3237e7afb91554418_i
cgraph.pdf  used on input line 191.
(pdftex.def)             Requested size: 225.0pt x 100.00562pt.
 [18] <./hw__aht10__func_8c_a38378dfed4182a52c7f47bc022cb3bbc_icgraph.pdf>
<hw__aht10__func_8c_a38378dfed4182a52c7f47bc022cb3bbc_icgraph.pdf, id=694, 233.
87375pt x 100.375pt>
File: hw__aht10__func_8c_a38378dfed4182a52c7f47bc022cb3bbc_icgraph.pdf Graphic 
file (type pdf)
<use hw__aht10__func_8c_a38378dfed4182a52c7f47bc022cb3bbc_icgraph.pdf>
Package pdftex.def Info: hw__aht10__func_8c_a38378dfed4182a52c7f47bc022cb3bbc_i
cgraph.pdf  used on input line 208.
(pdftex.def)             Requested size: 233.0pt x 100.00562pt.
)
(hw__aht10__func_8c_source.tex [19] [20]
LaTeX Font Info:    Trying to load font information for TS1+pcr on input line 1
74.

(C:\Users\fouri\AppData\Local\Programs\MiKTeX\tex/latex/psnfss\ts1pcr.fd
File: ts1pcr.fd 2001/06/04 font definitions for TS1/pcr.
))
(hw__aht10__func_8h.tex <./hw__aht10__func_8h__dep__incl.pdf>
<hw__aht10__func_8h__dep__incl.pdf, id=901, 303.1325pt x 168.63pt>
File: hw__aht10__func_8h__dep__incl.pdf Graphic file (type pdf)
<use hw__aht10__func_8h__dep__incl.pdf>
Package pdftex.def Info: hw__aht10__func_8h__dep__incl.pdf  used on input line 
7.
(pdftex.def)             Requested size: 302.0pt x 168.00174pt.
 [21] [22] <./hw__aht10__func_8h_a872aaccf6591b02689ba3fed2d47d590_cgraph.pdf>
<hw__aht10__func_8h_a872aaccf6591b02689ba3fed2d47d590_cgraph.pdf, id=1039, 338.
26375pt x 112.42pt>
File: hw__aht10__func_8h_a872aaccf6591b02689ba3fed2d47d590_cgraph.pdf Graphic f
ile (type pdf)
<use hw__aht10__func_8h_a872aaccf6591b02689ba3fed2d47d590_cgraph.pdf>
Package pdftex.def Info: hw__aht10__func_8h_a872aaccf6591b02689ba3fed2d47d590_c
graph.pdf  used on input line 113.
(pdftex.def)             Requested size: 337.0pt x 112.00288pt.
 <./hw__aht10__func_8h_a872aaccf6591b02689ba3fed2d47d590_icgraph.pdf>
<hw__aht10__func_8h_a872aaccf6591b02689ba3fed2d47d590_icgraph.pdf, id=1047, 264
.99pt x 100.375pt>
File: hw__aht10__func_8h_a872aaccf6591b02689ba3fed2d47d590_icgraph.pdf Graphic 
file (type pdf)
<use hw__aht10__func_8h_a872aaccf6591b02689ba3fed2d47d590_icgraph.pdf>
Package pdftex.def Info: hw__aht10__func_8h_a872aaccf6591b02689ba3fed2d47d590_i
cgraph.pdf  used on input line 120.
(pdftex.def)             Requested size: 264.0pt x 100.00716pt.
 <./hw__aht10__func_8h_a1c5104dd7d90660b4395af85d6948134_icgraph.pdf>
<hw__aht10__func_8h_a1c5104dd7d90660b4395af85d6948134_icgraph.pdf, id=1057, 411
.5375pt x 112.42pt>
File: hw__aht10__func_8h_a1c5104dd7d90660b4395af85d6948134_icgraph.pdf Graphic 
file (type pdf)
<use hw__aht10__func_8h_a1c5104dd7d90660b4395af85d6948134_icgraph.pdf>
Package pdftex.def Info: hw__aht10__func_8h_a1c5104dd7d90660b4395af85d6948134_i
cgraph.pdf  used on input line 137.
(pdftex.def)             Requested size: 350.0pt x 95.61063pt.
 [23] <./hw__aht10__func_8h_ad2706378d6eedf7692cb32fcdfb025b0_cgraph.pdf>
<hw__aht10__func_8h_ad2706378d6eedf7692cb32fcdfb025b0_cgraph.pdf, id=1077, 299.
1175pt x 100.375pt>
File: hw__aht10__func_8h_ad2706378d6eedf7692cb32fcdfb025b0_cgraph.pdf Graphic f
ile (type pdf)
<use hw__aht10__func_8h_ad2706378d6eedf7692cb32fcdfb025b0_cgraph.pdf>
Package pdftex.def Info: hw__aht10__func_8h_ad2706378d6eedf7692cb32fcdfb025b0_c
graph.pdf  used on input line 154.
(pdftex.def)             Requested size: 298.0pt x 100.00716pt.
 <./hw__aht10__func_8h_ad2706378d6eedf7692cb32fcdfb025b0_icgraph.pdf>
<hw__aht10__func_8h_ad2706378d6eedf7692cb32fcdfb025b0_icgraph.pdf, id=1085, 253
.94875pt x 100.375pt>
File: hw__aht10__func_8h_ad2706378d6eedf7692cb32fcdfb025b0_icgraph.pdf Graphic 
file (type pdf)
<use hw__aht10__func_8h_ad2706378d6eedf7692cb32fcdfb025b0_icgraph.pdf>
Package pdftex.def Info: hw__aht10__func_8h_ad2706378d6eedf7692cb32fcdfb025b0_i
cgraph.pdf  used on input line 161.
(pdftex.def)             Requested size: 253.0pt x 100.00409pt.
 <./hw__aht10__func_8h_ada898173c733ebfaf855421c66bb0a15_icgraph.pdf>
<hw__aht10__func_8h_ada898173c733ebfaf855421c66bb0a15_icgraph.pdf, id=1095, 371
.3875pt x 100.375pt>
File: hw__aht10__func_8h_ada898173c733ebfaf855421c66bb0a15_icgraph.pdf Graphic 
file (type pdf)
<use hw__aht10__func_8h_ada898173c733ebfaf855421c66bb0a15_icgraph.pdf>
Package pdftex.def Info: hw__aht10__func_8h_ada898173c733ebfaf855421c66bb0a15_i
cgraph.pdf  used on input line 178.
(pdftex.def)             Requested size: 350.0pt x 94.59602pt.
 [24] <./hw__aht10__func_8h_aebd3973c0794cbef6d9d36ab34005908_cgraph.pdf>
<hw__aht10__func_8h_aebd3973c0794cbef6d9d36ab34005908_cgraph.pdf, id=1113, 298.
11375pt x 100.375pt>
File: hw__aht10__func_8h_aebd3973c0794cbef6d9d36ab34005908_cgraph.pdf Graphic f
ile (type pdf)
<use hw__aht10__func_8h_aebd3973c0794cbef6d9d36ab34005908_cgraph.pdf>
Package pdftex.def Info: hw__aht10__func_8h_aebd3973c0794cbef6d9d36ab34005908_c
graph.pdf  used on input line 195.
(pdftex.def)             Requested size: 297.0pt x 100.00562pt.
 <./hw__aht10__func_8h_aebd3973c0794cbef6d9d36ab34005908_icgraph.pdf>
<hw__aht10__func_8h_aebd3973c0794cbef6d9d36ab34005908_icgraph.pdf, id=1121, 222
.8325pt x 100.375pt>
File: hw__aht10__func_8h_aebd3973c0794cbef6d9d36ab34005908_icgraph.pdf Graphic 
file (type pdf)
<use hw__aht10__func_8h_aebd3973c0794cbef6d9d36ab34005908_icgraph.pdf>
Package pdftex.def Info: hw__aht10__func_8h_aebd3973c0794cbef6d9d36ab34005908_i
cgraph.pdf  used on input line 202.
(pdftex.def)             Requested size: 222.0pt x 100.00102pt.
 <./hw__aht10__func_8h_a1ee89972b9c42006ee4bba11ed40baf6_icgraph.pdf>
<hw__aht10__func_8h_a1ee89972b9c42006ee4bba11ed40baf6_icgraph.pdf, id=1131, 372
.39125pt x 100.375pt>
File: hw__aht10__func_8h_a1ee89972b9c42006ee4bba11ed40baf6_icgraph.pdf Graphic 
file (type pdf)
<use hw__aht10__func_8h_a1ee89972b9c42006ee4bba11ed40baf6_icgraph.pdf>
Package pdftex.def Info: hw__aht10__func_8h_a1ee89972b9c42006ee4bba11ed40baf6_i
cgraph.pdf  used on input line 219.
(pdftex.def)             Requested size: 350.0pt x 94.3433pt.
 [25] <./hw__aht10__func_8h_a813631c5173610b0390570cd076fd191_icgraph.pdf>
<hw__aht10__func_8h_a813631c5173610b0390570cd076fd191_icgraph.pdf, id=1150, 225
.84375pt x 100.375pt>
File: hw__aht10__func_8h_a813631c5173610b0390570cd076fd191_icgraph.pdf Graphic 
file (type pdf)
<use hw__aht10__func_8h_a813631c5173610b0390570cd076fd191_icgraph.pdf>
Package pdftex.def Info: hw__aht10__func_8h_a813631c5173610b0390570cd076fd191_i
cgraph.pdf  used on input line 236.
(pdftex.def)             Requested size: 225.0pt x 100.00562pt.
 <./hw__aht10__func_8h_a0510c487d3f24e3ccef0cd345cede814_icgraph.pdf>
<hw__aht10__func_8h_a0510c487d3f24e3ccef0cd345cede814_icgraph.pdf, id=1160, 233
.87375pt x 100.375pt>
File: hw__aht10__func_8h_a0510c487d3f24e3ccef0cd345cede814_icgraph.pdf Graphic 
file (type pdf)
<use hw__aht10__func_8h_a0510c487d3f24e3ccef0cd345cede814_icgraph.pdf>
Package pdftex.def Info: hw__aht10__func_8h_a0510c487d3f24e3ccef0cd345cede814_i
cgraph.pdf  used on input line 253.
(pdftex.def)             Requested size: 233.0pt x 100.00562pt.
)
(hw__aht10__func_8h_source.tex [26]) (hw__aht10__get__temp_8c.tex <./hw__aht10_
_get__temp_8c__incl.pdf>
<hw__aht10__get__temp_8c__incl.pdf, id=1210, 570.13pt x 156.585pt>
File: hw__aht10__get__temp_8c__incl.pdf Graphic file (type pdf)
<use hw__aht10__get__temp_8c__incl.pdf>
Package pdftex.def Info: hw__aht10__get__temp_8c__incl.pdf  used on input line 
14.
(pdftex.def)             Requested size: 350.0pt x 96.12598pt.
 <./hw__aht10__get__temp_8c_a5f2a7ec4d5a65c3cebddf744da3d4bc2_icgraph.pdf>
<hw__aht10__get__temp_8c_a5f2a7ec4d5a65c3cebddf744da3d4bc2_icgraph.pdf, id=1223
, 277.035pt x 100.375pt>
File: hw__aht10__get__temp_8c_a5f2a7ec4d5a65c3cebddf744da3d4bc2_icgraph.pdf Gra
phic file (type pdf)
<use hw__aht10__get__temp_8c_a5f2a7ec4d5a65c3cebddf744da3d4bc2_icgraph.pdf>
Package pdftex.def Info: hw__aht10__get__temp_8c_a5f2a7ec4d5a65c3cebddf744da3d4
bc2_icgraph.pdf  used on input line 43.
(pdftex.def)             Requested size: 276.0pt x 100.00102pt.
 [27] <./hw__aht10__get__temp_8c_a3c04138a5bfe5d72780bb7e82a18e627_cgraph.pdf>
<hw__aht10__get__temp_8c_a3c04138a5bfe5d72780bb7e82a18e627_cgraph.pdf, id=1267,
 277.035pt x 138.5175pt>
File: hw__aht10__get__temp_8c_a3c04138a5bfe5d72780bb7e82a18e627_cgraph.pdf Grap
hic file (type pdf)
<use hw__aht10__get__temp_8c_a3c04138a5bfe5d72780bb7e82a18e627_cgraph.pdf>
Package pdftex.def Info: hw__aht10__get__temp_8c_a3c04138a5bfe5d72780bb7e82a18e
627_cgraph.pdf  used on input line 60.
(pdftex.def)             Requested size: 276.0pt x 138.00142pt.
 <./hw__aht10__get__temp_8c_a0510c487d3f24e3ccef0cd345cede814_icgraph.pdf>
<hw__aht10__get__temp_8c_a0510c487d3f24e3ccef0cd345cede814_icgraph.pdf, id=1277
, 233.87375pt x 100.375pt>
File: hw__aht10__get__temp_8c_a0510c487d3f24e3ccef0cd345cede814_icgraph.pdf Gra
phic file (type pdf)
<use hw__aht10__get__temp_8c_a0510c487d3f24e3ccef0cd345cede814_icgraph.pdf>
Package pdftex.def Info: hw__aht10__get__temp_8c_a0510c487d3f24e3ccef0cd345cede
814_icgraph.pdf  used on input line 77.
(pdftex.def)             Requested size: 233.0pt x 100.00562pt.
) (hw__aht10__get__temp_8c_source.tex [28] [29])
(hw__aht10__temperature__server_8c.tex <./hw__aht10__temperature__server_8c__in
cl.pdf>
<hw__aht10__temperature__server_8c__incl.pdf, id=1395, 623.32875pt x 168.63pt>
File: hw__aht10__temperature__server_8c__incl.pdf Graphic file (type pdf)
<use hw__aht10__temperature__server_8c__incl.pdf>
Package pdftex.def Info: hw__aht10__temperature__server_8c__incl.pdf  used on i
nput line 14.
(pdftex.def)             Requested size: 350.0pt x 94.68687pt.
LaTeX Font Info:    Font shape `T1/phv/m/n' will be
(Font)              scaled to size 8.09995pt on input line 21.
LaTeX Font Info:    Font shape `T1/phv/m/it' in size <9> not available
(Font)              Font shape `T1/phv/m/sl' tried instead on input line 21.
LaTeX Font Info:    Font shape `T1/phv/m/sl' will be
(Font)              scaled to size 8.09995pt on input line 21.

Underfull \hbox (badness 10000) in paragraph at lines 48--49

 []

[30]
Underfull \hbox (badness 10000) in paragraph at lines 50--51

 []


Underfull \hbox (badness 10000) detected at line 62
[][][]
 []


Underfull \hbox (badness 10000) in paragraph at lines 70--72

 []


Underfull \hbox (badness 10000) in paragraph at lines 70--72

 []

 <./hw__aht10__temperature__server_8c_a3c04138a5bfe5d72780bb7e82a18e627_cgraph.
pdf>
<hw__aht10__temperature__server_8c_a3c04138a5bfe5d72780bb7e82a18e627_cgraph.pdf
, id=1444, 413.545pt x 264.99pt>
File: hw__aht10__temperature__server_8c_a3c04138a5bfe5d72780bb7e82a18e627_cgrap
h.pdf Graphic file (type pdf)
<use hw__aht10__temperature__server_8c_a3c04138a5bfe5d72780bb7e82a18e627_cgraph
.pdf>
Package pdftex.def Info: hw__aht10__temperature__server_8c_a3c04138a5bfe5d72780
bb7e82a18e627_cgraph.pdf  used on input line 88.
(pdftex.def)             Requested size: 350.0pt x 224.27618pt.
 [31]) (hw__aht10__temperature__server_8c_source.tex) (mainpage_8dox.tex)
[32] (refman.ind
LaTeX Font Info:    Font shape `T1/phv/m/n' will be
(Font)              scaled to size 22.39185pt on input line 1.
 [33



] [34

]) (refman.aux)
 ***********
LaTeX2e <2023-11-01> patch level 1
L3 programming layer <2024-04-11>
 ***********


LaTeX Warning: There were multiply-defined labels.

Package rerunfilecheck Info: File `refman.out' has not changed.
(rerunfilecheck)             Checksum: E67D12CCF24B0186FB33F652D5A03556;14304.
 ) 
Here is how much of TeX's memory you used:
 18998 strings out of 474370
 334179 string characters out of 5740535
 1947754 words of memory out of 5000000
 40459 multiletter control sequences out of 15000+600000
 612706 words of font info for 104 fonts, out of 8000000 for 9000
 1141 hyphenation exceptions out of 8191
 101i,16n,117p,752b,728s stack positions out of 10000i,1000n,20000p,200000b,200000s
<C:/Users/fouri/AppData/Local/Programs/MiKTeX/fonts/type1/public/amsfonts/cm/
cmmi10.pfb><C:/Users/fouri/AppData/Local/Programs/MiKTeX/fonts/type1/public/ams
fonts/cm/cmsy10.pfb><C:/Users/fouri/AppData/Local/Programs/MiKTeX/fonts/type1/p
ublic/amsfonts/cm/cmsy7.pfb><C:/Users/fouri/AppData/Local/Programs/MiKTeX/fonts
/type1/public/amsfonts/cm/cmsy8.pfb><C:/Users/fouri/AppData/Local/Programs/MiKT
eX/fonts/type1/urw/courier/ucrr8a.pfb><C:/Users/fouri/AppData/Local/Programs/Mi
KTeX/fonts/type1/urw/courier/ucrro8a.pfb><C:/Users/fouri/AppData/Local/Programs
/MiKTeX/fonts/type1/urw/helvetic/uhvb8a.pfb><C:/Users/fouri/AppData/Local/Progr
ams/MiKTeX/fonts/type1/urw/helvetic/uhvb8ac.pfb><C:/Users/fouri/AppData/Local/P
rograms/MiKTeX/fonts/type1/urw/helvetic/uhvr8a.pfb><C:/Users/fouri/AppData/Loca
l/Programs/MiKTeX/fonts/type1/urw/helvetic/uhvro8a.pfb>
Output written on honeywell_linux_assessment_documentation.pdf (38 pages, 19055
18 bytes).
PDF statistics:
 1810 PDF objects out of 2073 (max. 8388607)
 588 named destinations out of 1000 (max. 500000)
 835 words of extra memory for PDF output out of 10000 (max. 10000000)

